This file contains any messages produced by compilers while
running configure, to aid debugging if configure makes a mistake.

It was created by codylib configure 0.0, which was
generated by GNU Autoconf 2.69.  Invocation command line was

  $ /home/guruorgoru/Projects/mros/src/gcc-13.2.0/libcody/configure --srcdir=../../gcc-13.2.0/libcody --cache-file=./config.cache --prefix=/usr/local --disable-nls --without-headers --enable-languages=c,lto --program-transform-name=s&^&i686-elf-& --disable-option-checking --build=x86_64-pc-linux-gnu --host=x86_64-pc-linux-gnu --target=i686-elf

## --------- ##
## Platform. ##
## --------- ##

hostname = arch
uname -m = x86_64
uname -r = 6.19.11-arch1-1
uname -s = Linux
uname -v = #1 SMP PREEMPT_DYNAMIC Thu, 02 Apr 2026 23:33:01 +0000

/usr/bin/uname -p = unknown
/bin/uname -X     = unknown

/bin/arch              = unknown
/usr/bin/arch -k       = unknown
/usr/convex/getsysinfo = unknown
/usr/bin/hostinfo      = unknown
/bin/machine           = unknown
/usr/bin/oslevel       = unknown
/bin/universe          = unknown

PATH: /home/guruorgoru/.local/share/mise/installs/go/1.26.2/bin
PATH: /home/guruorgoru/.local/share/mise/installs/node/25.9.0/bin
PATH: /home/guruorgoru/.local/share/mise/installs/python/3.14.4/bin
PATH: /home/guruorgoru/.local/share/mise/installs/ruby/4.0.3/bin
PATH: /home/guruorgoru/.local/share/omarchy/bin
PATH: /home/guruorgoru/.local/share/omarchy/bin
PATH: /home/guruorgoru/.local/share/mise/shims
PATH: /home/guruorgoru/.local/share/omarchy/bin
PATH: /home/guruorgoru/.local/share/../bin
PATH: /usr/local/sbin
PATH: /usr/local/bin
PATH: /usr/bin
PATH: /usr/lib/jvm/default/bin
PATH: /usr/bin/site_perl
PATH: /usr/bin/vendor_perl
PATH: /usr/bin/core_perl
PATH: /usr/lib/rustup/bin
PATH: /home/guruorgoru/.local/bin
PATH: /home/guruorgoru/.local/bin
PATH: /home/guruorgoru/.local/bin
PATH: /home/guruorgoru/go/bin
PATH: /home/guruorgoru/go/bin


## ----------- ##
## Core tests. ##
## ----------- ##

configure:1747: creating cache ./config.cache
configure:1875: checking build system type
configure:1889: result: x86_64-pc-linux-gnu
configure:1909: checking host system type
configure:1922: result: x86_64-pc-linux-gnu
configure:1958: checking maintainer-mode
configure:1960: result: 
configure:2098: checking for C++ compiler version
configure:2107: g++ --version >&5
g++ (GCC) 15.2.1 20260209
Copyright (C) 2025 Free Software Foundation, Inc.
This is free software; see the source for copying conditions.  There is NO
warranty; not even for MERCHANTABILITY or FITNESS FOR A PARTICULAR PURPOSE.

configure:2118: $? = 0
configure:2107: g++ -v >&5
Using built-in specs.
COLLECT_GCC=g++
COLLECT_LTO_WRAPPER=/usr/lib/gcc/x86_64-pc-linux-gnu/15.2.1/lto-wrapper
Target: x86_64-pc-linux-gnu
Configured with: /build/gcc/src/gcc/configure --enable-languages=ada,c,c++,d,fortran,go,lto,m2,objc,obj-c++,rust,cobol --enable-bootstrap --prefix=/usr --libdir=/usr/lib --libexecdir=/usr/lib --mandir=/usr/share/man --infodir=/usr/share/info --with-bugurl=https://gitlab.archlinux.org/archlinux/packaging/packages/gcc/-/issues --with-build-config=bootstrap-lto --with-linker-hash-style=gnu --with-system-zlib --enable-__cxa_atexit --enable-cet=auto --enable-checking=release --enable-clocale=gnu --enable-default-pie --enable-default-ssp --enable-gnu-indirect-function --enable-gnu-unique-object --enable-libstdcxx-backtrace --enable-link-serialization=1 --enable-linker-build-id --enable-lto --enable-multilib --enable-plugin --enable-shared --enable-threads=posix --disable-libssp --disable-libstdcxx-pch --disable-werror
Thread model: posix
Supported LTO compression algorithms: zlib zstd
gcc version 15.2.1 20260209 (GCC) 
configure:2118: $? = 0
configure:2107: g++ -V >&5
g++: error: unrecognized command-line option '-V'
g++: fatal error: no input files
compilation terminated.
configure:2118: $? = 1
configure:2107: g++ -qversion >&5
g++: error: unrecognized command-line option '-qversion'; did you mean '--version'?
g++: fatal error: no input files
compilation terminated.
configure:2118: $? = 1
configure:2138: checking whether the C++ compiler works
configure:2160: g++ -g -O2    -static-libstdc++ -static-libgcc  conftest.cpp  >&5
configure:2164: $? = 0
configure:2212: result: yes
configure:2215: checking for C++ compiler default output file name
configure:2217: result: a.out
configure:2223: checking for suffix of executables
configure:2230: g++ -o conftest -g -O2    -static-libstdc++ -static-libgcc  conftest.cpp  >&5
configure:2234: $? = 0
configure:2256: result: 
configure:2278: checking whether we are cross compiling
configure:2286: g++ -o conftest -g -O2    -static-libstdc++ -static-libgcc  conftest.cpp  >&5
configure:2290: $? = 0
configure:2297: ./conftest
configure:2301: $? = 0
configure:2316: result: no
configure:2321: checking for suffix of object files
configure:2343: g++ -c -g -O2    conftest.cpp >&5
configure:2347: $? = 0
configure:2368: result: o
configure:2372: checking whether we are using the GNU C++ compiler
configure:2391: g++ -c -g -O2    conftest.cpp >&5
configure:2391: $? = 0
configure:2400: result: yes
configure:2409: checking whether g++ accepts -g
configure:2429: g++ -c -g  conftest.cpp >&5
configure:2429: $? = 0
configure:2470: result: yes
configure:2494: checking whether g++ is for C++11
configure:2511: g++ -c -g -O2    conftest.cpp >&5
conftest.cpp:11:2: error: #error "C++11 is required"
   11 | #error "C++11 is required"
      |  ^~~~~
configure:2511: $? = 1
configure: failed program was:
| /* confdefs.h */
| #define PACKAGE_NAME "codylib"
| #define PACKAGE_TARNAME "codylib"
| #define PACKAGE_VERSION "0.0"
| #define PACKAGE_STRING "codylib 0.0"
| #define PACKAGE_BUGREPORT "github.com/urnathan/libcody"
| #define PACKAGE_URL ""
| /* end confdefs.h.  */
| 
| #if __cplusplus != 201103
| #error "C++11 is required"
| #endif
| 
| int
| main ()
| {
| 
|   ;
|   return 0;
| }
configure:2532: g++ -std=c++11 -c -g -O2    conftest.cpp >&5
configure:2532: $? = 0
configure:2533: result: adding -std=c++11
configure:2566: checking adding -Wl,--no-undefined to linker
configure:2581: g++ -std=c++11 -o conftest -g -O2    -static-libstdc++ -static-libgcc  -Wl,--no-undefined conftest.cpp  >&5
configure:2581: $? = 0
configure:2582: result: ok
configure:2660: checking exceptions
configure:2662: result: no
configure:2672: checking for x86_64-pc-linux-gnu-ranlib
configure:2699: result: ranlib
configure:2764: checking for x86_64-pc-linux-gnu-ar
configure:2791: result: ar
configure:2928: updating cache ./config.cache
configure:2977: creating ./config.status

## ---------------------- ##
## Running config.status. ##
## ---------------------- ##

This file was extended by codylib config.status 0.0, which was
generated by GNU Autoconf 2.69.  Invocation command line was

  CONFIG_FILES    = 
  CONFIG_HEADERS  = 
  CONFIG_LINKS    = 
  CONFIG_COMMANDS = 
  $ ./config.status 

on arch

config.status:802: creating Makefile
config.status:802: creating config.h

## ---------------- ##
## Cache variables. ##
## ---------------- ##

ac_cv_build=x86_64-pc-linux-gnu
ac_cv_cxx_compiler_gnu=yes
ac_cv_env_CCC_set=
ac_cv_env_CCC_value=
ac_cv_env_CPPFLAGS_set=
ac_cv_env_CPPFLAGS_value=
ac_cv_env_CXXFLAGS_set=set
ac_cv_env_CXXFLAGS_value='-g -O2  '
ac_cv_env_CXX_set=set
ac_cv_env_CXX_value=g++
ac_cv_env_LDFLAGS_set=set
ac_cv_env_LDFLAGS_value='-static-libstdc++ -static-libgcc '
ac_cv_env_LIBS_set=
ac_cv_env_LIBS_value=
ac_cv_env_build_alias_set=set
ac_cv_env_build_alias_value=x86_64-pc-linux-gnu
ac_cv_env_host_alias_set=set
ac_cv_env_host_alias_value=x86_64-pc-linux-gnu
ac_cv_env_target_alias_set=set
ac_cv_env_target_alias_value=i686-elf
ac_cv_host=x86_64-pc-linux-gnu
ac_cv_objext=o
ac_cv_prog_AR=ar
ac_cv_prog_RANLIB=ranlib
ac_cv_prog_cxx_g=yes

## ----------------- ##
## Output variables. ##
## ----------------- ##

AR='ar'
CPPFLAGS=''
CXX='g++ -std=c++11'
CXXFLAGS='-g -O2  '
DEFS='-DHAVE_CONFIG_H'
ECHO_C=''
ECHO_N='-n'
ECHO_T=''
EXCEPTIONS=''
EXEEXT=''
LDFLAGS='-static-libstdc++ -static-libgcc  -Wl,--no-undefined'
LIBOBJS=''
LIBS=''
LTLIBOBJS=''
MAINTAINER=''
OBJEXT='o'
PACKAGE_BUGREPORT='github.com/urnathan/libcody'
PACKAGE_NAME='codylib'
PACKAGE_STRING='codylib 0.0'
PACKAGE_TARNAME='codylib'
PACKAGE_URL=''
PACKAGE_VERSION='0.0'
PATH_SEPARATOR=':'
PICFLAG=''
RANLIB='ranlib'
SHELL='/bin/sh'
ac_ct_CXX=''
bindir='${exec_prefix}/bin'
build='x86_64-pc-linux-gnu'
build_alias='x86_64-pc-linux-gnu'
build_cpu='x86_64'
build_os='linux-gnu'
build_vendor='pc'
configure_args=' '\''--srcdir=../../gcc-13.2.0/libcody'\'' '\''--cache-file=./config.cache'\'' '\''--prefix=/usr/local'\'' '\''--disable-nls'\'' '\''--without-headers'\'' '\''--enable-languages=c,lto'\'' '\''--program-transform-name=s&^&i686-elf-&'\'' '\''--disable-option-checking'\'' '\''--build=x86_64-pc-linux-gnu'\'' '\''--host=x86_64-pc-linux-gnu'\'' '\''--target=i686-elf'\'' '\''build_alias=x86_64-pc-linux-gnu'\'' '\''host_alias=x86_64-pc-linux-gnu'\'' '\''target_alias=i686-elf'\'' '\''CXX=g++'\'' '\''CXXFLAGS=-g -O2  '\'' '\''LDFLAGS=-static-libstdc++ -static-libgcc '\'''
datadir='${datarootdir}'
datarootdir='${prefix}/share'
docdir='${datarootdir}/doc/${PACKAGE_TARNAME}'
dvidir='${docdir}'
exec_prefix='${prefix}'
host='x86_64-pc-linux-gnu'
host_alias='x86_64-pc-linux-gnu'
host_cpu='x86_64'
host_os='linux-gnu'
host_vendor='pc'
htmldir='${docdir}'
includedir='${prefix}/include'
infodir='${datarootdir}/info'
libdir='${exec_prefix}/lib'
libexecdir='${exec_prefix}/libexec'
localedir='${datarootdir}/locale'
localstatedir='${prefix}/var'
mandir='${datarootdir}/man'
oldincludedir='/usr/include'
pdfdir='${docdir}'
prefix='/usr/local'
program_transform_name='s&^&i686-elf-&'
psdir='${docdir}'
sbindir='${exec_prefix}/sbin'
sharedstatedir='${prefix}/com'
sysconfdir='${prefix}/etc'
target_alias='i686-elf'

## ----------- ##
## confdefs.h. ##
## ----------- ##

/* confdefs.h */
#define PACKAGE_NAME "codylib"
#define PACKAGE_TARNAME "codylib"
#define PACKAGE_VERSION "0.0"
#define PACKAGE_STRING "codylib 0.0"
#define PACKAGE_BUGREPORT "github.com/urnathan/libcody"
#define PACKAGE_URL ""
#define NMS_CHECKING 0

configure: exit 0
