This file contains any messages produced by compilers while
running configure, to aid debugging if configure makes a mistake.

It was created by LTO plugin for ld configure 0.1, which was
generated by GNU Autoconf 2.69.  Invocation command line was

  $ /home/guruorgoru/Projects/mros/src/gcc-13.2.0/lto-plugin/configure --srcdir=../../gcc-13.2.0/lto-plugin --cache-file=./config.cache --prefix=/usr/local --disable-nls --without-headers --enable-languages=c,lto --program-transform-name=s&^&i686-elf-& --disable-option-checking --build=x86_64-pc-linux-gnu --host=x86_64-pc-linux-gnu --target=i686-elf --enable-shared

## --------- ##
## Platform. ##
## --------- ##

hostname = arch
uname -m = x86_64
uname -r = 6.19.11-arch1-1
uname -s = Linux
uname -v = #1 SMP PREEMPT_DYNAMIC Thu, 02 Apr 2026 23:33:01 +0000

/usr/bin/uname -p = unknown
/bin/uname -X     = unknown

/bin/arch              = unknown
/usr/bin/arch -k       = unknown
/usr/convex/getsysinfo = unknown
/usr/bin/hostinfo      = unknown
/bin/machine           = unknown
/usr/bin/oslevel       = unknown
/bin/universe          = unknown

PATH: /home/guruorgoru/.local/share/mise/installs/go/1.26.2/bin
PATH: /home/guruorgoru/.local/share/mise/installs/node/25.9.0/bin
PATH: /home/guruorgoru/.local/share/mise/installs/python/3.14.4/bin
PATH: /home/guruorgoru/.local/share/mise/installs/ruby/4.0.3/bin
PATH: /home/guruorgoru/.local/share/omarchy/bin
PATH: /home/guruorgoru/.local/share/omarchy/bin
PATH: /home/guruorgoru/.local/share/mise/shims
PATH: /home/guruorgoru/.local/share/omarchy/bin
PATH: /home/guruorgoru/.local/share/../bin
PATH: /usr/local/sbin
PATH: /usr/local/bin
PATH: /usr/bin
PATH: /usr/lib/jvm/default/bin
PATH: /usr/bin/site_perl
PATH: /usr/bin/vendor_perl
PATH: /usr/bin/core_perl
PATH: /usr/lib/rustup/bin
PATH: /home/guruorgoru/.local/bin
PATH: /home/guruorgoru/.local/bin
PATH: /home/guruorgoru/.local/bin
PATH: /home/guruorgoru/go/bin
PATH: /home/guruorgoru/go/bin


## ----------- ##
## Core tests. ##
## ----------- ##

configure:2293: creating cache ./config.cache
configure:2402: checking build system type
configure:2416: result: x86_64-pc-linux-gnu
configure:2436: checking host system type
configure:2449: result: x86_64-pc-linux-gnu
configure:2469: checking target system type
configure:2482: result: i686-pc-elf
configure:2570: checking for a BSD-compatible install
configure:2638: result: /usr/bin/install -c
configure:2649: checking whether build environment is sane
configure:2704: result: yes
configure:2855: checking for a thread-safe mkdir -p
configure:2894: result: /usr/bin/mkdir -p
configure:2901: checking for gawk
configure:2928: result: gawk
configure:2939: checking whether make sets $(MAKE)
configure:2961: result: yes
configure:2990: checking whether make supports nested variables
configure:3007: result: yes
configure:3134: checking whether to enable maintainer-specific portions of Makefiles
configure:3143: result: no
configure:3177: checking for style of include used by make
configure:3205: result: GNU
configure:3236: checking for x86_64-pc-linux-gnu-gcc
configure:3263: result: gcc
configure:3532: checking for C compiler version
configure:3541: gcc --version >&5
gcc (GCC) 15.2.1 20260209
Copyright (C) 2025 Free Software Foundation, Inc.
This is free software; see the source for copying conditions.  There is NO
warranty; not even for MERCHANTABILITY or FITNESS FOR A PARTICULAR PURPOSE.

configure:3552: $? = 0
configure:3541: gcc -v >&5
Using built-in specs.
COLLECT_GCC=gcc
COLLECT_LTO_WRAPPER=/usr/lib/gcc/x86_64-pc-linux-gnu/15.2.1/lto-wrapper
Target: x86_64-pc-linux-gnu
Configured with: /build/gcc/src/gcc/configure --enable-languages=ada,c,c++,d,fortran,go,lto,m2,objc,obj-c++,rust,cobol --enable-bootstrap --prefix=/usr --libdir=/usr/lib --libexecdir=/usr/lib --mandir=/usr/share/man --infodir=/usr/share/info --with-bugurl=https://gitlab.archlinux.org/archlinux/packaging/packages/gcc/-/issues --with-build-config=bootstrap-lto --with-linker-hash-style=gnu --with-system-zlib --enable-__cxa_atexit --enable-cet=auto --enable-checking=release --enable-clocale=gnu --enable-default-pie --enable-default-ssp --enable-gnu-indirect-function --enable-gnu-unique-object --enable-libstdcxx-backtrace --enable-link-serialization=1 --enable-linker-build-id --enable-lto --enable-multilib --enable-plugin --enable-shared --enable-threads=posix --disable-libssp --disable-libstdcxx-pch --disable-werror
Thread model: posix
Supported LTO compression algorithms: zlib zstd
gcc version 15.2.1 20260209 (GCC) 
configure:3552: $? = 0
configure:3541: gcc -V >&5
gcc: error: unrecognized command-line option '-V'
gcc: fatal error: no input files
compilation terminated.
configure:3552: $? = 1
configure:3541: gcc -qversion >&5
gcc: error: unrecognized command-line option '-qversion'; did you mean '--version'?
gcc: fatal error: no input files
compilation terminated.
configure:3552: $? = 1
configure:3572: checking whether the C compiler works
configure:3594: gcc -g -O2    -static-libstdc++ -static-libgcc  conftest.c  >&5
configure:3598: $? = 0
configure:3646: result: yes
configure:3649: checking for C compiler default output file name
configure:3651: result: a.out
configure:3657: checking for suffix of executables
configure:3664: gcc -o conftest -g -O2    -static-libstdc++ -static-libgcc  conftest.c  >&5
configure:3668: $? = 0
configure:3690: result: 
configure:3712: checking whether we are cross compiling
configure:3720: gcc -o conftest -g -O2    -static-libstdc++ -static-libgcc  conftest.c  >&5
configure:3724: $? = 0
configure:3731: ./conftest
configure:3735: $? = 0
configure:3750: result: no
configure:3755: checking for suffix of object files
configure:3777: gcc -c -g -O2    conftest.c >&5
configure:3781: $? = 0
configure:3802: result: o
configure:3806: checking whether we are using the GNU C compiler
configure:3825: gcc -c -g -O2    conftest.c >&5
configure:3825: $? = 0
configure:3834: result: yes
configure:3843: checking whether gcc accepts -g
configure:3863: gcc -c -g  conftest.c >&5
configure:3863: $? = 0
configure:3904: result: yes
configure:3921: checking for gcc option to accept ISO C89
configure:3984: gcc  -c -g -O2    conftest.c >&5
conftest.c: In function 'e':
conftest.c:17:14: warning: old-style function definition [-Wold-style-definition]
   17 | static char *e (p, i)
      |              ^
configure:3984: $? = 0
configure:3997: result: none needed
configure:4022: checking whether gcc understands -c and -o together
configure:4044: gcc -c conftest.c -o conftest2.o
configure:4047: $? = 0
configure:4044: gcc -c conftest.c -o conftest2.o
configure:4047: $? = 0
configure:4059: result: yes
configure:4078: checking dependency style of gcc
configure:4189: result: gcc3
configure:4210: checking how to run the C preprocessor
configure:4241: gcc -E  conftest.c
configure:4241: $? = 0
configure:4255: gcc -E  conftest.c
conftest.c:11:10: fatal error: ac_nonexistent.h: No such file or directory
   11 | #include <ac_nonexistent.h>
      |          ^~~~~~~~~~~~~~~~~~
compilation terminated.
configure:4255: $? = 1
configure: failed program was:
| /* confdefs.h */
| #define PACKAGE_NAME "LTO plugin for ld"
| #define PACKAGE_TARNAME "lto-plugin"
| #define PACKAGE_VERSION "0.1"
| #define PACKAGE_STRING "LTO plugin for ld 0.1"
| #define PACKAGE_BUGREPORT ""
| #define PACKAGE_URL ""
| #define PACKAGE "lto-plugin"
| #define VERSION "0.1"
| /* end confdefs.h.  */
| #include <ac_nonexistent.h>
configure:4280: result: gcc -E
configure:4300: gcc -E  conftest.c
configure:4300: $? = 0
configure:4314: gcc -E  conftest.c
conftest.c:11:10: fatal error: ac_nonexistent.h: No such file or directory
   11 | #include <ac_nonexistent.h>
      |          ^~~~~~~~~~~~~~~~~~
compilation terminated.
configure:4314: $? = 1
configure: failed program was:
| /* confdefs.h */
| #define PACKAGE_NAME "LTO plugin for ld"
| #define PACKAGE_TARNAME "lto-plugin"
| #define PACKAGE_VERSION "0.1"
| #define PACKAGE_STRING "LTO plugin for ld 0.1"
| #define PACKAGE_BUGREPORT ""
| #define PACKAGE_URL ""
| #define PACKAGE "lto-plugin"
| #define VERSION "0.1"
| /* end confdefs.h.  */
| #include <ac_nonexistent.h>
configure:4343: checking for grep that handles long lines and -e
configure:4401: result: /usr/bin/grep
configure:4406: checking for egrep
configure:4468: result: /usr/bin/grep -E
configure:4473: checking for ANSI C header files
configure:4493: gcc -c -g -O2    conftest.c >&5
configure:4493: $? = 0
configure:4566: gcc -o conftest -g -O2    -static-libstdc++ -static-libgcc  conftest.c  >&5
configure:4566: $? = 0
configure:4566: ./conftest
configure:4566: $? = 0
configure:4577: result: yes
configure:4590: checking for sys/types.h
configure:4590: gcc -c -g -O2    conftest.c >&5
configure:4590: $? = 0
configure:4590: result: yes
configure:4590: checking for sys/stat.h
configure:4590: gcc -c -g -O2    conftest.c >&5
configure:4590: $? = 0
configure:4590: result: yes
configure:4590: checking for stdlib.h
configure:4590: gcc -c -g -O2    conftest.c >&5
configure:4590: $? = 0
configure:4590: result: yes
configure:4590: checking for string.h
configure:4590: gcc -c -g -O2    conftest.c >&5
configure:4590: $? = 0
configure:4590: result: yes
configure:4590: checking for memory.h
configure:4590: gcc -c -g -O2    conftest.c >&5
configure:4590: $? = 0
configure:4590: result: yes
configure:4590: checking for strings.h
configure:4590: gcc -c -g -O2    conftest.c >&5
configure:4590: $? = 0
configure:4590: result: yes
configure:4590: checking for inttypes.h
configure:4590: gcc -c -g -O2    conftest.c >&5
configure:4590: $? = 0
configure:4590: result: yes
configure:4590: checking for stdint.h
configure:4590: gcc -c -g -O2    conftest.c >&5
configure:4590: $? = 0
configure:4590: result: yes
configure:4590: checking for unistd.h
configure:4590: gcc -c -g -O2    conftest.c >&5
configure:4590: $? = 0
configure:4590: result: yes
configure:4603: checking minix/config.h usability
configure:4603: gcc -c -g -O2    conftest.c >&5
conftest.c:54:10: fatal error: minix/config.h: No such file or directory
   54 | #include <minix/config.h>
      |          ^~~~~~~~~~~~~~~~
compilation terminated.
configure:4603: $? = 1
configure: failed program was:
| /* confdefs.h */
| #define PACKAGE_NAME "LTO plugin for ld"
| #define PACKAGE_TARNAME "lto-plugin"
| #define PACKAGE_VERSION "0.1"
| #define PACKAGE_STRING "LTO plugin for ld 0.1"
| #define PACKAGE_BUGREPORT ""
| #define PACKAGE_URL ""
| #define PACKAGE "lto-plugin"
| #define VERSION "0.1"
| #define STDC_HEADERS 1
| #define HAVE_SYS_TYPES_H 1
| #define HAVE_SYS_STAT_H 1
| #define HAVE_STDLIB_H 1
| #define HAVE_STRING_H 1
| #define HAVE_MEMORY_H 1
| #define HAVE_STRINGS_H 1
| #define HAVE_INTTYPES_H 1
| #define HAVE_STDINT_H 1
| #define HAVE_UNISTD_H 1
| /* end confdefs.h.  */
| #include <stdio.h>
| #ifdef HAVE_SYS_TYPES_H
| # include <sys/types.h>
| #endif
| #ifdef HAVE_SYS_STAT_H
| # include <sys/stat.h>
| #endif
| #ifdef STDC_HEADERS
| # include <stdlib.h>
| # include <stddef.h>
| #else
| # ifdef HAVE_STDLIB_H
| #  include <stdlib.h>
| # endif
| #endif
| #ifdef HAVE_STRING_H
| # if !defined STDC_HEADERS && defined HAVE_MEMORY_H
| #  include <memory.h>
| # endif
| # include <string.h>
| #endif
| #ifdef HAVE_STRINGS_H
| # include <strings.h>
| #endif
| #ifdef HAVE_INTTYPES_H
| # include <inttypes.h>
| #endif
| #ifdef HAVE_STDINT_H
| # include <stdint.h>
| #endif
| #ifdef HAVE_UNISTD_H
| # include <unistd.h>
| #endif
| #include <minix/config.h>
configure:4603: result: no
configure:4603: checking minix/config.h presence
configure:4603: gcc -E  conftest.c
conftest.c:21:10: fatal error: minix/config.h: No such file or directory
   21 | #include <minix/config.h>
      |          ^~~~~~~~~~~~~~~~
compilation terminated.
configure:4603: $? = 1
configure: failed program was:
| /* confdefs.h */
| #define PACKAGE_NAME "LTO plugin for ld"
| #define PACKAGE_TARNAME "lto-plugin"
| #define PACKAGE_VERSION "0.1"
| #define PACKAGE_STRING "LTO plugin for ld 0.1"
| #define PACKAGE_BUGREPORT ""
| #define PACKAGE_URL ""
| #define PACKAGE "lto-plugin"
| #define VERSION "0.1"
| #define STDC_HEADERS 1
| #define HAVE_SYS_TYPES_H 1
| #define HAVE_SYS_STAT_H 1
| #define HAVE_STDLIB_H 1
| #define HAVE_STRING_H 1
| #define HAVE_MEMORY_H 1
| #define HAVE_STRINGS_H 1
| #define HAVE_INTTYPES_H 1
| #define HAVE_STDINT_H 1
| #define HAVE_UNISTD_H 1
| /* end confdefs.h.  */
| #include <minix/config.h>
configure:4603: result: no
configure:4603: checking for minix/config.h
configure:4603: result: no
configure:4624: checking whether it is safe to define __EXTENSIONS__
configure:4642: gcc -c -g -O2    conftest.c >&5
configure:4642: $? = 0
configure:4649: result: yes
configure:4671: checking for x86_64-pc-linux-gnu-gcc
configure:4698: result: gcc
configure:4967: checking for C compiler version
configure:4976: gcc --version >&5
gcc (GCC) 15.2.1 20260209
Copyright (C) 2025 Free Software Foundation, Inc.
This is free software; see the source for copying conditions.  There is NO
warranty; not even for MERCHANTABILITY or FITNESS FOR A PARTICULAR PURPOSE.

configure:4987: $? = 0
configure:4976: gcc -v >&5
Using built-in specs.
COLLECT_GCC=gcc
COLLECT_LTO_WRAPPER=/usr/lib/gcc/x86_64-pc-linux-gnu/15.2.1/lto-wrapper
Target: x86_64-pc-linux-gnu
Configured with: /build/gcc/src/gcc/configure --enable-languages=ada,c,c++,d,fortran,go,lto,m2,objc,obj-c++,rust,cobol --enable-bootstrap --prefix=/usr --libdir=/usr/lib --libexecdir=/usr/lib --mandir=/usr/share/man --infodir=/usr/share/info --with-bugurl=https://gitlab.archlinux.org/archlinux/packaging/packages/gcc/-/issues --with-build-config=bootstrap-lto --with-linker-hash-style=gnu --with-system-zlib --enable-__cxa_atexit --enable-cet=auto --enable-checking=release --enable-clocale=gnu --enable-default-pie --enable-default-ssp --enable-gnu-indirect-function --enable-gnu-unique-object --enable-libstdcxx-backtrace --enable-link-serialization=1 --enable-linker-build-id --enable-lto --enable-multilib --enable-plugin --enable-shared --enable-threads=posix --disable-libssp --disable-libstdcxx-pch --disable-werror
Thread model: posix
Supported LTO compression algorithms: zlib zstd
gcc version 15.2.1 20260209 (GCC) 
configure:4987: $? = 0
configure:4976: gcc -V >&5
gcc: error: unrecognized command-line option '-V'
gcc: fatal error: no input files
compilation terminated.
configure:4987: $? = 1
configure:4976: gcc -qversion >&5
gcc: error: unrecognized command-line option '-qversion'; did you mean '--version'?
gcc: fatal error: no input files
compilation terminated.
configure:4987: $? = 1
configure:4991: checking whether we are using the GNU C compiler
configure:5019: result: yes
configure:5028: checking whether gcc accepts -g
configure:5089: result: yes
configure:5106: checking for gcc option to accept ISO C89
configure:5182: result: none needed
configure:5207: checking whether gcc understands -c and -o together
configure:5244: result: yes
configure:5263: checking dependency style of gcc
configure:5374: result: gcc3
configure:5396: checking for special C compiler options needed for large files
configure:5441: result: no
configure:5447: checking for _FILE_OFFSET_BITS value needed for large files
configure:5472: gcc -c -g -O2    conftest.c >&5
configure:5472: $? = 0
configure:5504: result: no
configure:5606: checking whether gcc supports -Wall
configure:5623: gcc -c -Wall  conftest.c >&5
configure:5623: $? = 0
configure:5632: result: yes
configure:5650: checking for -static-libgcc
configure:5657: gcc -o conftest -g -O2    -static-libstdc++ -static-libgcc  -static-libgcc conftest.c  >&5
configure:5657: $? = 0
configure:5664: result: yes
configure:5686: checking for CET support
configure:5715: gcc -c -g -O2   -fcf-protection  conftest.c >&5
configure:5715: $? = 0
configure:5781: gcc -o conftest -g -O2   -fcf-protection=none  -static-libstdc++ -static-libgcc  -Wl,-z,ibt,-z,shstk conftest.c  >&5
configure:5781: $? = 0
configure:5809: gcc -o conftest -g -O2   -fcf-protection=none  -static-libstdc++ -static-libgcc  -Wl,-z,ibt,-z,shstk conftest.c  >&5
configure:5809: $? = 0
configure:5809: ./conftest
configure:5809: $? = 0
configure:5856: gcc -o conftest -g -O2   -fcf-protection=none  -static-libstdc++ -static-libgcc  -Wl,-z,ibt,-z,shstk conftest.c  >&5
configure:5856: $? = 0
configure:5856: ./conftest
configure:5856: $? = 0
configure:5877: result: yes
configure:5920: checking whether symbol versioning is supported
configure:5946: gcc -o conftest -g -O2    -static-libstdc++ -static-libgcc  -fPIC -shared -Wl,--version-script,./conftest.map conftest.c  >&5
configure:5946: $? = 0
configure:5987: result: gnu
configure:6028: checking pthread.h usability
configure:6028: gcc -c -g -O2    conftest.c >&5
configure:6028: $? = 0
configure:6028: result: yes
configure:6028: checking pthread.h presence
configure:6028: gcc -E  conftest.c
configure:6028: $? = 0
configure:6028: result: yes
configure:6028: checking for pthread.h
configure:6028: result: yes
configure:6088: checking how to print strings
configure:6115: result: printf
configure:6136: checking for a sed that does not truncate output
configure:6200: result: /usr/bin/sed
configure:6218: checking for fgrep
configure:6280: result: /usr/bin/grep -F
configure:6315: checking for ld used by gcc
configure:6382: result: ld
configure:6389: checking if the linker (ld) is GNU ld
configure:6404: result: yes
configure:6416: checking for BSD- or MS-compatible name lister (nm)
configure:6465: result: nm
configure:6595: checking the name lister (nm) interface
configure:6602: gcc -c -g -O2    conftest.c >&5
configure:6605: nm "conftest.o"
configure:6608: output
0000000000000000 B some_variable
configure:6615: result: BSD nm
configure:6618: checking whether ln -s works
configure:6622: result: yes
configure:6630: checking the maximum length of command line arguments
configure:6755: result: 3145728
configure:6772: checking whether the shell understands some XSI constructs
configure:6782: result: yes
configure:6786: checking whether the shell understands "+="
configure:6792: result: yes
configure:6827: checking for ld option to reload object files
configure:6834: result: -r
configure:6863: checking for x86_64-pc-linux-gnu-objdump
configure:6890: result: objdump
configure:6962: checking how to recognize dependent libraries
configure:7168: result: pass_all
configure:7188: checking for x86_64-pc-linux-gnu-ar
configure:7215: result: ar
configure:7293: checking for x86_64-pc-linux-gnu-strip
configure:7323: result: no
configure:7333: checking for strip
configure:7349: found /usr/bin/strip
configure:7360: result: strip
configure:7392: checking for x86_64-pc-linux-gnu-ranlib
configure:7419: result: ranlib
configure:7561: checking command to parse nm output from gcc object
configure:7679: gcc -c -g -O2    conftest.c >&5
configure:7682: $? = 0
configure:7686: nm conftest.o \| sed -n -e 's/^.*[ ]\([ABCDGIRSTW][ABCDGIRSTW]*\)[ ][ ]*\([_A-Za-z][_A-Za-z0-9]*\)$/\1 \2 \2/p' \> conftest.nm
configure:7689: $? = 0
configure:7743: gcc -o conftest -g -O2    -static-libstdc++ -static-libgcc  conftest.c conftstm.o >&5
configure:7746: $? = 0
configure:7784: result: ok
configure:7879: gcc -c -g -O2    conftest.c >&5
configure:7882: $? = 0
configure:8634: checking for dlfcn.h
configure:8634: gcc -c -g -O2    conftest.c >&5
configure:8634: $? = 0
configure:8634: result: yes
configure:8821: checking for objdir
configure:8836: result: .libs
configure:9107: checking if gcc supports -fno-rtti -fno-exceptions
configure:9125: gcc -c -g -O2    -fno-rtti -fno-exceptions conftest.c >&5
cc1: warning: command-line option '-fno-rtti' is valid for C++/D/ObjC++ but not for C
configure:9129: $? = 0
configure:9142: result: no
configure:9162: checking for gcc option to produce PIC
configure:9448: result: -fPIC -DPIC
configure:9460: checking if gcc PIC flag -fPIC -DPIC works
configure:9478: gcc -c -g -O2    -fPIC -DPIC -DPIC conftest.c >&5
configure:9482: $? = 0
configure:9495: result: yes
configure:9519: checking if gcc static flag -static works
configure:9547: result: yes
configure:9562: checking if gcc supports -c -o file.o
configure:9583: gcc -c -g -O2    -o out/conftest2.o conftest.c >&5
configure:9587: $? = 0
configure:9609: result: yes
configure:9617: checking if gcc supports -c -o file.o
configure:9664: result: yes
configure:9697: checking whether the gcc linker (ld -m elf_x86_64) supports shared libraries
configure:10768: result: yes
configure:10805: checking whether -lc should be explicitly linked in
configure:10813: gcc -c -g -O2    conftest.c >&5
configure:10816: $? = 0
configure:10831: gcc -shared  -fPIC -DPIC conftest.o  -v -Wl,-soname -Wl,conftest -o conftest 2\>\&1 \| /usr/bin/grep  -lc  \>/dev/null 2\>\&1
configure:10834: $? = 0
configure:10848: result: no
configure:11013: checking dynamic linker characteristics
configure:11459: gcc -o conftest -g -O2    -static-libstdc++ -static-libgcc  -Wl,-rpath -Wl,/foo conftest.c  >&5
configure:11459: $? = 0
configure:11700: result: GNU/Linux ld.so
configure:11807: checking how to hardcode library paths into programs
configure:11832: result: immediate
configure:12372: checking whether stripping libraries is possible
configure:12377: result: yes
configure:12412: checking if libtool supports shared libraries
configure:12414: result: yes
configure:12417: checking whether to build shared libraries
configure:12438: result: yes
configure:12441: checking whether to build static libraries
configure:12445: result: yes
configure:12503: checking for int64_t
configure:12503: gcc -c -g -O2    conftest.c >&5
configure:12503: $? = 0
configure:12503: gcc -c -g -O2    conftest.c >&5
conftest.c: In function 'main':
conftest.c:67:67: warning: integer overflow in expression of type 'long int' results in '-9223372036854775808' [-Woverflow]
   67 |                  < (int64_t) (((((int64_t) 1 << N) << N) - 1) * 2 + 2))];
      |                                                                   ^
conftest.c:66:12: error: storage size of 'test_array' isn't constant
   66 | static int test_array [1 - 2 * !((int64_t) (((((int64_t) 1 << N) << N) - 1) * 2 + 1)
      |            ^~~~~~~~~~
configure:12503: $? = 1
configure: failed program was:
| /* confdefs.h */
| #define PACKAGE_NAME "LTO plugin for ld"
| #define PACKAGE_TARNAME "lto-plugin"
| #define PACKAGE_VERSION "0.1"
| #define PACKAGE_STRING "LTO plugin for ld 0.1"
| #define PACKAGE_BUGREPORT ""
| #define PACKAGE_URL ""
| #define PACKAGE "lto-plugin"
| #define VERSION "0.1"
| #define STDC_HEADERS 1
| #define HAVE_SYS_TYPES_H 1
| #define HAVE_SYS_STAT_H 1
| #define HAVE_STDLIB_H 1
| #define HAVE_STRING_H 1
| #define HAVE_MEMORY_H 1
| #define HAVE_STRINGS_H 1
| #define HAVE_INTTYPES_H 1
| #define HAVE_STDINT_H 1
| #define HAVE_UNISTD_H 1
| #define __EXTENSIONS__ 1
| #define _ALL_SOURCE 1
| #define _GNU_SOURCE 1
| #define _POSIX_PTHREAD_SEMANTICS 1
| #define _TANDEM_SOURCE 1
| #define HAVE_PTHREAD_LOCKING 1
| #define HAVE_DLFCN_H 1
| #define LT_OBJDIR ".libs/"
| /* end confdefs.h.  */
| #include <stdio.h>
| #ifdef HAVE_SYS_TYPES_H
| # include <sys/types.h>
| #endif
| #ifdef HAVE_SYS_STAT_H
| # include <sys/stat.h>
| #endif
| #ifdef STDC_HEADERS
| # include <stdlib.h>
| # include <stddef.h>
| #else
| # ifdef HAVE_STDLIB_H
| #  include <stdlib.h>
| # endif
| #endif
| #ifdef HAVE_STRING_H
| # if !defined STDC_HEADERS && defined HAVE_MEMORY_H
| #  include <memory.h>
| # endif
| # include <string.h>
| #endif
| #ifdef HAVE_STRINGS_H
| # include <strings.h>
| #endif
| #ifdef HAVE_INTTYPES_H
| # include <inttypes.h>
| #endif
| #ifdef HAVE_STDINT_H
| # include <stdint.h>
| #endif
| #ifdef HAVE_UNISTD_H
| # include <unistd.h>
| #endif
| 	        enum { N = 64 / 2 - 1 };
| int
| main ()
| {
| static int test_array [1 - 2 * !((int64_t) (((((int64_t) 1 << N) << N) - 1) * 2 + 1)
| 		 < (int64_t) (((((int64_t) 1 << N) << N) - 1) * 2 + 2))];
| test_array [0] = 0;
| return test_array [0];
| 
|   ;
|   return 0;
| }
configure:12503: result: yes
configure:12514: checking for uint64_t
configure:12514: gcc -c -g -O2    conftest.c >&5
configure:12514: $? = 0
configure:12514: result: yes
configure:12528: checking for sys/wait.h that is POSIX.1 compatible
configure:12554: gcc -c -g -O2    conftest.c >&5
configure:12554: $? = 0
configure:12561: result: yes
configure:12638: updating cache ./config.cache
configure:12682: checking that generated files are newer than configure
configure:12688: result: done
configure:12731: creating ./config.status

## ---------------------- ##
## Running config.status. ##
## ---------------------- ##

This file was extended by LTO plugin for ld config.status 0.1, which was
generated by GNU Autoconf 2.69.  Invocation command line was

  CONFIG_FILES    = 
  CONFIG_HEADERS  = 
  CONFIG_LINKS    = 
  CONFIG_COMMANDS = 
  $ ./config.status 

on arch

config.status:1102: creating Makefile
config.status:1102: creating config.h
config.status:1316: executing depfiles commands
config.status:1316: executing libtool commands

## ---------------- ##
## Cache variables. ##
## ---------------- ##

ac_cv_build=x86_64-pc-linux-gnu
ac_cv_c_compiler_gnu=yes
ac_cv_c_int64_t=yes
ac_cv_c_uint64_t=yes
ac_cv_env_CC_set=set
ac_cv_env_CC_value=gcc
ac_cv_env_CFLAGS_set=set
ac_cv_env_CFLAGS_value='-g -O2  '
ac_cv_env_CPPFLAGS_set=
ac_cv_env_CPPFLAGS_value=
ac_cv_env_CPP_set=
ac_cv_env_CPP_value=
ac_cv_env_LDFLAGS_set=set
ac_cv_env_LDFLAGS_value='-static-libstdc++ -static-libgcc '
ac_cv_env_LIBS_set=
ac_cv_env_LIBS_value=
ac_cv_env_build_alias_set=set
ac_cv_env_build_alias_value=x86_64-pc-linux-gnu
ac_cv_env_host_alias_set=set
ac_cv_env_host_alias_value=x86_64-pc-linux-gnu
ac_cv_env_target_alias_set=set
ac_cv_env_target_alias_value=i686-elf
ac_cv_header_dlfcn_h=yes
ac_cv_header_inttypes_h=yes
ac_cv_header_memory_h=yes
ac_cv_header_minix_config_h=no
ac_cv_header_pthread_h=yes
ac_cv_header_stdc=yes
ac_cv_header_stdint_h=yes
ac_cv_header_stdlib_h=yes
ac_cv_header_string_h=yes
ac_cv_header_strings_h=yes
ac_cv_header_sys_stat_h=yes
ac_cv_header_sys_types_h=yes
ac_cv_header_sys_wait_h=yes
ac_cv_header_unistd_h=yes
ac_cv_host=x86_64-pc-linux-gnu
ac_cv_objext=o
ac_cv_path_EGREP='/usr/bin/grep -E'
ac_cv_path_FGREP='/usr/bin/grep -F'
ac_cv_path_GREP=/usr/bin/grep
ac_cv_path_SED=/usr/bin/sed
ac_cv_path_install='/usr/bin/install -c'
ac_cv_path_mkdir=/usr/bin/mkdir
ac_cv_prog_AR=ar
ac_cv_prog_AWK=gawk
ac_cv_prog_CC=gcc
ac_cv_prog_CPP='gcc -E'
ac_cv_prog_OBJDUMP=objdump
ac_cv_prog_RANLIB=ranlib
ac_cv_prog_ac_ct_STRIP=strip
ac_cv_prog_cc_c89=
ac_cv_prog_cc_g=yes
ac_cv_prog_make_make_set=yes
ac_cv_safe_to_define___extensions__=yes
ac_cv_sys_file_offset_bits=no
ac_cv_sys_largefile_CC=no
ac_cv_target=i686-pc-elf
acx_cv_prog_cc_warning__Wall=yes
am_cv_CC_dependencies_compiler_type=gcc3
am_cv_make_support_nested_variables=yes
am_cv_prog_cc_c_o=yes
lt_cv_archive_cmds_need_lc=no
lt_cv_deplibs_check_method=pass_all
lt_cv_file_magic_cmd='$MAGIC_CMD'
lt_cv_file_magic_test_file=
lt_cv_ld_reload_flag=-r
lt_cv_nm_interface='BSD nm'
lt_cv_objdir=.libs
lt_cv_path_LD=ld
lt_cv_path_NM=nm
lt_cv_prog_compiler_c_o=yes
lt_cv_prog_compiler_pic_works=yes
lt_cv_prog_compiler_rtti_exceptions=no
lt_cv_prog_compiler_static_works=yes
lt_cv_prog_gnu_ld=yes
lt_cv_shlibpath_overrides_runpath=yes
lt_cv_sys_global_symbol_pipe='sed -n -e '\''s/^.*[	 ]\([ABCDGIRSTW][ABCDGIRSTW]*\)[	 ][	 ]*\([_A-Za-z][_A-Za-z0-9]*\)$/\1 \2 \2/p'\'''
lt_cv_sys_global_symbol_to_c_name_address='sed -n -e '\''s/^: \([^ ]*\) $/  {\"\1\", (void *) 0},/p'\'' -e '\''s/^[ABCDGIRSTW]* \([^ ]*\) \([^ ]*\)$/  {"\2", (void *) \&\2},/p'\'''
lt_cv_sys_global_symbol_to_c_name_address_lib_prefix='sed -n -e '\''s/^: \([^ ]*\) $/  {\"\1\", (void *) 0},/p'\'' -e '\''s/^[ABCDGIRSTW]* \([^ ]*\) \(lib[^ ]*\)$/  {"\2", (void *) \&\2},/p'\'' -e '\''s/^[ABCDGIRSTW]* \([^ ]*\) \([^ ]*\)$/  {"lib\2", (void *) \&\2},/p'\'''
lt_cv_sys_global_symbol_to_cdecl='sed -n -e '\''s/^T .* \(.*\)$/extern int \1();/p'\'' -e '\''s/^[ABCDGIRSTW]* .* \(.*\)$/extern char \1;/p'\'''
lt_cv_sys_max_cmd_len=3145728

## ----------------- ##
## Output variables. ##
## ----------------- ##

ACLOCAL='${SHELL} /home/guruorgoru/Projects/mros/src/gcc-13.2.0/missing aclocal-1.15'
AMDEPBACKSLASH='\'
AMDEP_FALSE='#'
AMDEP_TRUE=''
AMTAR='$${TAR-tar}'
AM_BACKSLASH='\'
AM_DEFAULT_V='$(AM_DEFAULT_VERBOSITY)'
AM_DEFAULT_VERBOSITY='1'
AM_V='$(V)'
AR='ar'
AUTOCONF='${SHELL} /home/guruorgoru/Projects/mros/src/gcc-13.2.0/missing autoconf'
AUTOHEADER='${SHELL} /home/guruorgoru/Projects/mros/src/gcc-13.2.0/missing autoheader'
AUTOMAKE='${SHELL} /home/guruorgoru/Projects/mros/src/gcc-13.2.0/missing automake-1.15'
AWK='gawk'
CC='gcc'
CCDEPMODE='depmode=gcc3'
CET_HOST_FLAGS='-fcf-protection'
CFLAGS='-g -O2  '
CPP='gcc -E'
CPPFLAGS=''
CYGPATH_W='echo'
DEFS='-DHAVE_CONFIG_H'
DEPDIR='.deps'
DSYMUTIL='dsymutil'
DUMPBIN=''
ECHO_C=''
ECHO_N='-n'
ECHO_T=''
EGREP='/usr/bin/grep -E'
EXEEXT=''
FGREP='/usr/bin/grep -F'
GREP='/usr/bin/grep'
INSTALL_DATA='${INSTALL} -m 644'
INSTALL_PROGRAM='${INSTALL}'
INSTALL_SCRIPT='${INSTALL}'
INSTALL_STRIP_PROGRAM='$(install_sh) -c -s'
LD='ld -m elf_x86_64'
LDFLAGS='-static-libstdc++ -static-libgcc '
LIBOBJS=''
LIBS=''
LIBTOOL='$(SHELL) $(top_builddir)/libtool'
LIPO=''
LN_S='ln -s'
LTLIBOBJS=''
LTO_PLUGIN_USE_SYMVER_FALSE='#'
LTO_PLUGIN_USE_SYMVER_GNU_FALSE='#'
LTO_PLUGIN_USE_SYMVER_GNU_TRUE=''
LTO_PLUGIN_USE_SYMVER_SUN_FALSE=''
LTO_PLUGIN_USE_SYMVER_SUN_TRUE='#'
LTO_PLUGIN_USE_SYMVER_TRUE=''
MAINT='#'
MAINTAINER_MODE_FALSE=''
MAINTAINER_MODE_TRUE='#'
MAKEINFO='makeinfo'
MKDIR_P='/usr/bin/mkdir -p'
NM='nm'
NMEDIT=''
OBJDUMP='objdump'
OBJEXT='o'
OTOOL64=''
OTOOL='otool'
PACKAGE='lto-plugin'
PACKAGE_BUGREPORT=''
PACKAGE_NAME='LTO plugin for ld'
PACKAGE_STRING='LTO plugin for ld 0.1'
PACKAGE_TARNAME='lto-plugin'
PACKAGE_URL=''
PACKAGE_VERSION='0.1'
PATH_SEPARATOR=':'
RANLIB='ranlib'
SED='/usr/bin/sed'
SET_MAKE=''
SHELL='/bin/sh'
STRIP='strip'
VERSION='0.1'
ac_ct_CC=''
ac_ct_DUMPBIN=''
ac_lto_plugin_extra_ldflags='-pthread'
ac_lto_plugin_ldflags='-Wc,-static-libgcc'
ac_lto_plugin_warn_cflags='-Wall'
accel_dir_suffix=''
am__EXEEXT_FALSE=''
am__EXEEXT_TRUE='#'
am__fastdepCC_FALSE='#'
am__fastdepCC_TRUE=''
am__include='include'
am__isrc=' -I$(srcdir)'
am__leading_dot='.'
am__nodep='_no'
am__quote=''
am__tar='$${TAR-tar} chof - "$$tardir"'
am__untar='$${TAR-tar} xf -'
bindir='${exec_prefix}/bin'
build='x86_64-pc-linux-gnu'
build_alias='x86_64-pc-linux-gnu'
build_cpu='x86_64'
build_libsubdir='build-x86_64-pc-linux-gnu'
build_os='linux-gnu'
build_subdir='build-x86_64-pc-linux-gnu'
build_vendor='pc'
datadir='${datarootdir}'
datarootdir='${prefix}/share'
docdir='${datarootdir}/doc/${PACKAGE_TARNAME}'
dvidir='${docdir}'
exec_prefix='${prefix}'
gcc_build_dir='../gcc'
get_gcc_base_ver='cat'
host='x86_64-pc-linux-gnu'
host_alias='x86_64-pc-linux-gnu'
host_cpu='x86_64'
host_os='linux-gnu'
host_subdir='.'
host_vendor='pc'
htmldir='${docdir}'
includedir='${prefix}/include'
infodir='${datarootdir}/info'
install_sh='${SHELL} /home/guruorgoru/Projects/mros/src/gcc-13.2.0/install-sh'
libdir='${exec_prefix}/lib'
libexecdir='${exec_prefix}/libexec'
localedir='${datarootdir}/locale'
localstatedir='${prefix}/var'
lt_host_flags=''
mandir='${datarootdir}/man'
mkdir_p='$(MKDIR_P)'
oldincludedir='/usr/include'
pdfdir='${docdir}'
prefix='/usr/local'
program_transform_name='s&^&i686-elf-&'
psdir='${docdir}'
real_target_noncanonical='i686-elf'
sbindir='${exec_prefix}/sbin'
sharedstatedir='${prefix}/com'
sysconfdir='${prefix}/etc'
target='i686-pc-elf'
target_alias='i686-elf'
target_cpu='i686'
target_noncanonical='i686-elf'
target_os='elf'
target_subdir='i686-elf'
target_vendor='pc'
with_libiberty='../libiberty'

## ----------- ##
## confdefs.h. ##
## ----------- ##

/* confdefs.h */
#define PACKAGE_NAME "LTO plugin for ld"
#define PACKAGE_TARNAME "lto-plugin"
#define PACKAGE_VERSION "0.1"
#define PACKAGE_STRING "LTO plugin for ld 0.1"
#define PACKAGE_BUGREPORT ""
#define PACKAGE_URL ""
#define PACKAGE "lto-plugin"
#define VERSION "0.1"
#define STDC_HEADERS 1
#define HAVE_SYS_TYPES_H 1
#define HAVE_SYS_STAT_H 1
#define HAVE_STDLIB_H 1
#define HAVE_STRING_H 1
#define HAVE_MEMORY_H 1
#define HAVE_STRINGS_H 1
#define HAVE_INTTYPES_H 1
#define HAVE_STDINT_H 1
#define HAVE_UNISTD_H 1
#define __EXTENSIONS__ 1
#define _ALL_SOURCE 1
#define _GNU_SOURCE 1
#define _POSIX_PTHREAD_SEMANTICS 1
#define _TANDEM_SOURCE 1
#define HAVE_PTHREAD_LOCKING 1
#define HAVE_DLFCN_H 1
#define LT_OBJDIR ".libs/"
#define HAVE_SYS_WAIT_H 1

configure: exit 0
